<?xml version="1.0" encoding="UTF-8"?>
<!-- Generated by org.testng.reporters.JUnitReportReporter -->
<testsuite hostname="DESKTOP-5QPL10C" failures="0" tests="1" name="appInstallation.RD_SampleAppTest_findElements2" time="13.077" errors="0" timestamp="2024-01-18T15:44:07 IST" skipped="0">
  <testcase classname="appInstallation.RD_SampleAppTest_findElements2" name="verifyAPIDEMOTest" time="13.077"/>
</testsuite> <!-- appInstallation.RD_SampleAppTest_findElements2 -->
