<?xml version="1.0" encoding="UTF-8"?>
<!-- Generated by org.testng.reporters.JUnitReportReporter -->
<testsuite hostname="DESKTOP-5QPL10C" failures="0" tests="1" name="sequential.SimpleTest" time="11.765" errors="0" timestamp="2024-01-19T12:38:49 IST" skipped="0">
  <testcase classname="sequential.SimpleTest" name="verifyAPIDEMOTest" time="11.765"/>
</testsuite> <!-- sequential.SimpleTest -->
