<?xml version="1.0" encoding="UTF-8"?>
<!-- Generated by org.testng.reporters.JUnitReportReporter -->
<testsuite hostname="DESKTOP-5QPL10C" failures="0" tests="1" name="browseStack.Orange_Hrm" time="9.763" errors="0" timestamp="2024-01-18T12:17:03 IST" skipped="0">
  <testcase classname="browseStack.Orange_Hrm" name="verifyLoginFeature" time="9.763"/>
</testsuite> <!-- browseStack.Orange_Hrm -->
