<?xml version="1.0" encoding="UTF-8"?>
<!-- Generated by org.testng.reporters.JUnitReportReporter -->
<testsuite hostname="DESKTOP-5QPL10C" failures="0" tests="1" name="capstone.Cloud" time="9.077" errors="0" timestamp="2024-01-24T22:24:51 IST" skipped="0">
  <testcase classname="capstone.Cloud" name="verifyLoginFeature" time="9.077"/>
</testsuite> <!-- capstone.Cloud -->
